{"meta": {"format": 3, "version": "7.10.6", "timestamp": "2025-12-19T13:11:03.881565", "branch_coverage": false, "show_contexts": false}, "files": {"src\\reelsbot\\__init__.py": {"executed_lines": [1, 3, 5, 6, 7, 8, 9, 10, 11, 12, 13, 15], "summary": {"covered_lines": 11, "num_statements": 11, "percent_covered": 100.0, "percent_covered_display": "100", "missing_lines": 0, "excluded_lines": 0}, "missing_lines": [], "excluded_lines": [], "functions": {"": {"executed_lines": [1, 3, 5, 6, 7, 8, 9, 10, 11, 12, 13, 15], "summary": {"covered_lines": 11, "num_statements": 11, "percent_covered": 100.0, "percent_covered_display": "100", "missing_lines": 0, "excluded_lines": 0}, "missing_lines": [], "excluded_lines": []}}, "classes": {"": {"executed_lines": [1, 3, 5, 6, 7, 8, 9, 10, 11, 12, 13, 15], "summary": {"covered_lines": 11, "num_statements": 11, "percent_covered": 100.0, "percent_covered_display": "100", "missing_lines": 0, "excluded_lines": 0}, "missing_lines": [], "excluded_lines": []}}}, "src\\reelsbot\\__main__.py": {"executed_lines": [], "summary": {"covered_lines": 0, "num_statements": 3, "percent_covered": 0.0, "percent_covered_display": "0", "missing_lines": 3, "excluded_lines": 0}, "missing_lines": [7, 9, 10], "excluded_lines": [], "functions": {"": {"executed_lines": [], "summary": {"covered_lines": 0, "num_statements": 3, "percent_covered": 0.0, "percent_covered_display": "0", "missing_lines": 3, "excluded_lines": 0}, "missing_lines": [7, 9, 10], "excluded_lines": []}}, "classes": {"": {"executed_lines": [], "summary": {"covered_lines": 0, "num_statements": 3, "percent_covered": 0.0, "percent_covered_display": "0", "missing_lines": 3, "excluded_lines": 0}, "missing_lines": [7, 9, 10], "excluded_lines": []}}}, "src\\reelsbot\\caption_generator.py": {"executed_lines": [1, 7, 8, 9, 11, 12, 13, 16, 17, 19, 22, 23, 38, 54, 55, 56, 59, 60, 65, 66, 68, 113, 125, 128, 133, 136, 139, 140, 141, 142, 143, 146, 147, 148, 149, 150, 152, 155, 159, 160, 178, 183, 186, 189, 190, 191, 192, 193, 195, 198, 202, 203, 220, 225, 253, 281, 305], "summary": {"covered_lines": 54, "num_statements": 96, "percent_covered": 56.25, "percent_covered_display": "56", "missing_lines": 42, "excluded_lines": 0}, "missing_lines": [61, 89, 93, 94, 95, 96, 97, 98, 99, 101, 103, 106, 108, 109, 134, 164, 184, 207, 235, 237, 239, 242, 248, 249, 251, 263, 265, 267, 270, 276, 277, 279, 292, 297, 300, 301, 303, 314, 315, 316, 317, 319], "excluded_lines": [], "functions": {"CaptionGenerator.__init__": {"executed_lines": [54, 55, 56, 59, 60, 65, 66], "summary": {"covered_lines": 7, "num_statements": 8, "percent_covered": 87.5, "percent_covered_display": "88", "missing_lines": 1, "excluded_lines": 0}, "missing_lines": [61], "excluded_lines": []}, "CaptionGenerator.generate_caption": {"executed_lines": [], "summary": {"covered_lines": 0, "num_statements": 13, "percent_covered": 0.0, "percent_covered_display": "0", "missing_lines": 13, "excluded_lines": 0}, "missing_lines": [89, 93, 94, 95, 96, 97, 98, 99, 101, 103, 106, 108, 109], "excluded_lines": []}, "CaptionGenerator._load_templates": {"executed_lines": [125, 128, 133, 136, 139, 140, 141, 142, 143, 146, 147, 148, 149, 150, 152, 155, 159, 160, 178, 183, 186, 189, 190, 191, 192, 193, 195, 198, 202, 203, 220], "summary": {"covered_lines": 31, "num_statements": 35, "percent_covered": 88.57142857142857, "percent_covered_display": "89", "missing_lines": 4, "excluded_lines": 0}, "missing_lines": [134, 164, 184, 207], "excluded_lines": []}, "CaptionGenerator._generate_a_caption": {"executed_lines": [], "summary": {"covered_lines": 0, "num_statements": 7, "percent_covered": 0.0, "percent_covered_display": "0", "missing_lines": 7, "excluded_lines": 0}, "missing_lines": [235, 237, 239, 242, 248, 249, 251], "excluded_lines": []}, "CaptionGenerator._generate_e_caption": {"executed_lines": [], "summary": {"covered_lines": 0, "num_statements": 7, "percent_covered": 0.0, "percent_covered_display": "0", "missing_lines": 7, "excluded_lines": 0}, "missing_lines": [263, 265, 267, 270, 276, 277, 279], "excluded_lines": []}, "CaptionGenerator._select_hashtags": {"executed_lines": [], "summary": {"covered_lines": 0, "num_statements": 5, "percent_covered": 0.0, "percent_covered_display": "0", "missing_lines": 5, "excluded_lines": 0}, "missing_lines": [292, 297, 300, 301, 303], "excluded_lines": []}, "CaptionGenerator.get_available_hashtags": {"executed_lines": [], "summary": {"covered_lines": 0, "num_statements": 5, "percent_covered": 0.0, "percent_covered_display": "0", "missing_lines": 5, "excluded_lines": 0}, "missing_lines": [314, 315, 316, 317, 319], "excluded_lines": []}, "": {"executed_lines": [1, 7, 8, 9, 11, 12, 13, 16, 17, 19, 22, 23, 38, 68, 113, 225, 253, 281, 305], "summary": {"covered_lines": 16, "num_statements": 16, "percent_covered": 100.0, "percent_covered_display": "100", "missing_lines": 0, "excluded_lines": 0}, "missing_lines": [], "excluded_lines": []}}, "classes": {"CaptionGeneratorError": {"executed_lines": [], "summary": {"covered_lines": 0, "num_statements": 0, "percent_covered": 100.0, "percent_covered_display": "100", "missing_lines": 0, "excluded_lines": 0}, "missing_lines": [], "excluded_lines": []}, "CaptionGenerator": {"executed_lines": [54, 55, 56, 59, 60, 65, 66, 125, 128, 133, 136, 139, 140, 141, 142, 143, 146, 147, 148, 149, 150, 152, 155, 159, 160, 178, 183, 186, 189, 190, 191, 192, 193, 195, 198, 202, 203, 220], "summary": {"covered_lines": 38, "num_statements": 80, "percent_covered": 47.5, "percent_covered_display": "48", "missing_lines": 42, "excluded_lines": 0}, "missing_lines": [61, 89, 93, 94, 95, 96, 97, 98, 99, 101, 103, 106, 108, 109, 134, 164, 184, 207, 235, 237, 239, 242, 248, 249, 251, 263, 265, 267, 270, 276, 277, 279, 292, 297, 300, 301, 303, 314, 315, 316, 317, 319], "excluded_lines": []}, "": {"executed_lines": [1, 7, 8, 9, 11, 12, 13, 16, 17, 19, 22, 23, 38, 68, 113, 225, 253, 281, 305], "summary": {"covered_lines": 16, "num_statements": 16, "percent_covered": 100.0, "percent_covered_display": "100", "missing_lines": 0, "excluded_lines": 0}, "missing_lines": [], "excluded_lines": []}}}, "src\\reelsbot\\cli.py": {"executed_lines": [1, 7, 8, 9, 10, 11, 12, 14, 16, 17, 18, 19, 20, 21, 22, 23, 27, 28, 29, 30, 31, 32, 33, 34, 35, 36, 39, 41, 42, 43, 44, 47, 49, 52, 54, 57, 59, 62, 64, 67, 72, 73, 74, 102, 105, 106, 111, 117, 122, 128, 146, 148, 150, 151, 152, 153, 154, 155, 156, 159, 160, 161, 162, 163, 164, 165, 167, 170, 171, 174, 175, 178, 179, 182, 183, 186, 187, 189, 192, 193, 194, 196, 197, 198, 199, 200, 202, 203, 204, 207, 208, 210, 211, 214, 215, 216, 218, 219, 226, 228, 230, 236, 237, 243, 249, 254, 259, 279, 281, 283, 284, 285, 288, 289, 292, 293, 296, 297, 300, 301, 302, 303, 304, 305, 312, 313, 314, 317, 319, 329, 330, 331, 333, 334, 335, 337, 338, 339, 340, 341, 342, 343, 344, 347, 348, 349, 351, 353, 354, 355, 356, 362, 363, 367, 384, 386, 388, 390, 391, 394, 396, 397, 398, 399, 400, 401, 402, 405, 406, 409, 412, 413, 416, 418, 420, 421, 422, 424, 425, 426, 427, 429, 430, 431, 433, 434, 435, 436, 440, 441, 442, 444, 447, 448, 449, 450, 455, 456, 461, 463, 464, 466, 467, 468, 469, 470, 471, 472, 473, 475, 476, 477, 478, 480, 481, 482, 483, 484, 486, 487, 488, 489, 491, 493, 494, 495, 498], "summary": {"covered_lines": 225, "num_statements": 239, "percent_covered": 94.14225941422595, "percent_covered_display": "94", "missing_lines": 14, "excluded_lines": 0}, "missing_lines": [69, 231, 232, 233, 310, 357, 358, 359, 438, 445, 446, 451, 452, 499], "excluded_lines": [], "functions": {"print_header": {"executed_lines": [41, 42, 43, 44], "summary": {"covered_lines": 4, "num_statements": 4, "percent_covered": 100.0, "percent_covered_display": "100", "missing_lines": 0, "excluded_lines": 0}, "missing_lines": [], "excluded_lines": []}, "print_success": {"executed_lines": [49], "summary": {"covered_lines": 1, "num_statements": 1, "percent_covered": 100.0, "percent_covered_display": "100", "missing_lines": 0, "excluded_lines": 0}, "missing_lines": [], "excluded_lines": []}, "print_error": {"executed_lines": [54], "summary": {"covered_lines": 1, "num_statements": 1, "percent_covered": 100.0, "percent_covered_display": "100", "missing_lines": 0, "excluded_lines": 0}, "missing_lines": [], "excluded_lines": []}, "print_warning": {"executed_lines": [59], "summary": {"covered_lines": 1, "num_statements": 1, "percent_covered": 100.0, "percent_covered_display": "100", "missing_lines": 0, "excluded_lines": 0}, "missing_lines": [], "excluded_lines": []}, "print_info": {"executed_lines": [64], "summary": {"covered_lines": 1, "num_statements": 1, "percent_covered": 100.0, "percent_covered_display": "100", "missing_lines": 0, "excluded_lines": 0}, "missing_lines": [], "excluded_lines": []}, "print_step": {"executed_lines": [], "summary": {"covered_lines": 0, "num_statements": 1, "percent_covered": 0.0, "percent_covered_display": "0", "missing_lines": 1, "excluded_lines": 0}, "missing_lines": [69], "excluded_lines": []}, "cli": {"executed_lines": [102], "summary": {"covered_lines": 1, "num_statements": 1, "percent_covered": 100.0, "percent_covered_display": "100", "missing_lines": 0, "excluded_lines": 0}, "missing_lines": [], "excluded_lines": []}, "plan": {"executed_lines": [146, 148, 150, 151, 152, 153, 154, 155, 156, 159, 160, 161, 162, 163, 164, 165, 167, 170, 171, 174, 175, 178, 179, 182, 183, 186, 187, 189, 192, 193, 194, 196, 197, 198, 199, 200, 202, 203, 204, 207, 208, 210, 211, 214, 215, 216, 218, 219, 226, 228, 230], "summary": {"covered_lines": 51, "num_statements": 54, "percent_covered": 94.44444444444444, "percent_covered_display": "94", "missing_lines": 3, "excluded_lines": 0}, "missing_lines": [231, 232, 233], "excluded_lines": []}, "run": {"executed_lines": [279, 281, 283, 284, 285, 288, 289, 292, 293, 296, 297, 300, 301, 302, 303, 304, 305, 312, 313, 314, 317, 319, 329, 330, 331, 333, 334, 335, 337, 338, 339, 340, 341, 342, 343, 344, 347, 348, 349, 351, 353, 354, 355, 356], "summary": {"covered_lines": 44, "num_statements": 48, "percent_covered": 91.66666666666667, "percent_covered_display": "92", "missing_lines": 4, "excluded_lines": 0}, "missing_lines": [310, 357, 358, 359], "excluded_lines": []}, "validate": {"executed_lines": [384, 386, 388, 390, 391, 394, 396, 397, 398, 399, 400, 401, 402, 405, 406, 409, 412, 413, 416, 418, 420, 421, 422, 424, 425, 426, 427, 429, 430, 431, 433, 434, 435, 436, 440, 441, 442, 444, 447, 448, 449, 450], "summary": {"covered_lines": 42, "num_statements": 47, "percent_covered": 89.36170212765957, "percent_covered_display": "89", "missing_lines": 5, "excluded_lines": 0}, "missing_lines": [438, 445, 446, 451, 452], "excluded_lines": []}, "info": {"executed_lines": [461, 463, 464, 466, 467, 468, 469, 470, 471, 472, 473, 475, 476, 477, 478, 480, 481, 482, 483, 484, 486, 487, 488, 489, 491, 493, 494, 495], "summary": {"covered_lines": 28, "num_statements": 28, "percent_covered": 100.0, "percent_covered_display": "100", "missing_lines": 0, "excluded_lines": 0}, "missing_lines": [], "excluded_lines": []}, "": {"executed_lines": [1, 7, 8, 9, 10, 11, 12, 14, 16, 17, 18, 19, 20, 21, 22, 23, 27, 28, 29, 30, 31, 32, 33, 34, 35, 36, 39, 47, 52, 57, 62, 67, 72, 73, 74, 105, 106, 111, 117, 122, 128, 236, 237, 243, 249, 254, 259, 362, 363, 367, 455, 456, 498], "summary": {"covered_lines": 51, "num_statements": 52, "percent_covered": 98.07692307692308, "percent_covered_display": "98", "missing_lines": 1, "excluded_lines": 0}, "missing_lines": [499], "excluded_lines": []}}, "classes": {"Colors": {"executed_lines": [], "summary": {"covered_lines": 0, "num_statements": 0, "percent_covered": 100.0, "percent_covered_display": "100", "missing_lines": 0, "excluded_lines": 0}, "missing_lines": [], "excluded_lines": []}, "": {"executed_lines": [1, 7, 8, 9, 10, 11, 12, 14, 16, 17, 18, 19, 20, 21, 22, 23, 27, 28, 29, 30, 31, 32, 33, 34, 35, 36, 39, 41, 42, 43, 44, 47, 49, 52, 54, 57, 59, 62, 64, 67, 72, 73, 74, 102, 105, 106, 111, 117, 122, 128, 146, 148, 150, 151, 152, 153, 154, 155, 156, 159, 160, 161, 162, 163, 164, 165, 167, 170, 171, 174, 175, 178, 179, 182, 183, 186, 187, 189, 192, 193, 194, 196, 197, 198, 199, 200, 202, 203, 204, 207, 208, 210, 211, 214, 215, 216, 218, 219, 226, 228, 230, 236, 237, 243, 249, 254, 259, 279, 281, 283, 284, 285, 288, 289, 292, 293, 296, 297, 300, 301, 302, 303, 304, 305, 312, 313, 314, 317, 319, 329, 330, 331, 333, 334, 335, 337, 338, 339, 340, 341, 342, 343, 344, 347, 348, 349, 351, 353, 354, 355, 356, 362, 363, 367, 384, 386, 388, 390, 391, 394, 396, 397, 398, 399, 400, 401, 402, 405, 406, 409, 412, 413, 416, 418, 420, 421, 422, 424, 425, 426, 427, 429, 430, 431, 433, 434, 435, 436, 440, 441, 442, 444, 447, 448, 449, 450, 455, 456, 461, 463, 464, 466, 467, 468, 469, 470, 471, 472, 473, 475, 476, 477, 478, 480, 481, 482, 483, 484, 486, 487, 488, 489, 491, 493, 494, 495, 498], "summary": {"covered_lines": 225, "num_statements": 239, "percent_covered": 94.14225941422595, "percent_covered_display": "94", "missing_lines": 14, "excluded_lines": 0}, "missing_lines": [69, 231, 232, 233, 310, 357, 358, 359, 438, 445, 446, 451, 452, 499], "excluded_lines": []}}}, "src\\reelsbot\\config.py": {"executed_lines": [1, 7, 8, 10, 11, 14, 15, 21, 29, 35, 39, 45, 49, 55, 61, 69, 75, 81, 87, 95, 99, 103, 111, 117, 123, 129, 137, 141, 147, 153, 157, 162, 163, 164, 166, 169, 170, 172, 173, 174, 176, 178, 179, 181, 222, 242, 248, 249, 256], "summary": {"covered_lines": 47, "num_statements": 77, "percent_covered": 61.03896103896104, "percent_covered_display": "61", "missing_lines": 30, "excluded_lines": 0}, "missing_lines": [188, 189, 193, 194, 200, 201, 205, 206, 212, 213, 219, 220, 231, 232, 233, 234, 235, 236, 237, 238, 240, 250, 251, 253, 266, 267, 268, 269, 270, 271], "excluded_lines": [], "functions": {"ReelsbotConfig.validate_a_duration": {"executed_lines": [166, 169, 170], "summary": {"covered_lines": 3, "num_statements": 3, "percent_covered": 100.0, "percent_covered_display": "100", "missing_lines": 0, "excluded_lines": 0}, "missing_lines": [], "excluded_lines": []}, "ReelsbotConfig.validate_e_duration": {"executed_lines": [176, 178, 179], "summary": {"covered_lines": 3, "num_statements": 3, "percent_covered": 100.0, "percent_covered_display": "100", "missing_lines": 0, "excluded_lines": 0}, "missing_lines": [], "excluded_lines": []}, "ReelsbotConfig.validate_config": {"executed_lines": [], "summary": {"covered_lines": 0, "num_statements": 12, "percent_covered": 0.0, "percent_covered_display": "0", "missing_lines": 12, "excluded_lines": 0}, "missing_lines": [188, 189, 193, 194, 200, 201, 205, 206, 212, 213, 219, 220], "excluded_lines": []}, "ReelsbotConfig.get_active_api_key": {"executed_lines": [], "summary": {"covered_lines": 0, "num_statements": 9, "percent_covered": 0.0, "percent_covered_display": "0", "missing_lines": 9, "excluded_lines": 0}, "missing_lines": [231, 232, 233, 234, 235, 236, 237, 238, 240], "excluded_lines": []}, "ReelsbotConfig.get_active_model": {"executed_lines": [248, 249], "summary": {"covered_lines": 2, "num_statements": 5, "percent_covered": 40.0, "percent_covered_display": "40", "missing_lines": 3, "excluded_lines": 0}, "missing_lines": [250, 251, 253], "excluded_lines": []}, "load_config": {"executed_lines": [], "summary": {"covered_lines": 0, "num_statements": 6, "percent_covered": 0.0, "percent_covered_display": "0", "missing_lines": 6, "excluded_lines": 0}, "missing_lines": [266, 267, 268, 269, 270, 271], "excluded_lines": []}, "": {"executed_lines": [1, 7, 8, 10, 11, 14, 15, 21, 29, 35, 39, 45, 49, 55, 61, 69, 75, 81, 87, 95, 99, 103, 111, 117, 123, 129, 137, 141, 147, 153, 157, 162, 163, 164, 172, 173, 174, 181, 222, 242, 256], "summary": {"covered_lines": 39, "num_statements": 39, "percent_covered": 100.0, "percent_covered_display": "100", "missing_lines": 0, "excluded_lines": 0}, "missing_lines": [], "excluded_lines": []}}, "classes": {"ReelsbotConfig": {"executed_lines": [166, 169, 170, 176, 178, 179, 248, 249], "summary": {"covered_lines": 8, "num_statements": 32, "percent_covered": 25.0, "percent_covered_display": "25", "missing_lines": 24, "excluded_lines": 0}, "missing_lines": [188, 189, 193, 194, 200, 201, 205, 206, 212, 213, 219, 220, 231, 232, 233, 234, 235, 236, 237, 238, 240, 250, 251, 253], "excluded_lines": []}, "": {"executed_lines": [1, 7, 8, 10, 11, 14, 15, 21, 29, 35, 39, 45, 49, 55, 61, 69, 75, 81, 87, 95, 99, 103, 111, 117, 123, 129, 137, 141, 147, 153, 157, 162, 163, 164, 172, 173, 174, 181, 222, 242, 256], "summary": {"covered_lines": 39, "num_statements": 45, "percent_covered": 86.66666666666667, "percent_covered_display": "87", "missing_lines": 6, "excluded_lines": 0}, "missing_lines": [266, 267, 268, 269, 270, 271], "excluded_lines": []}}}, "src\\reelsbot\\editor\\__init__.py": {"executed_lines": [1, 7, 9], "summary": {"covered_lines": 2, "num_statements": 2, "percent_covered": 100.0, "percent_covered_display": "100", "missing_lines": 0, "excluded_lines": 0}, "missing_lines": [], "excluded_lines": [], "functions": {"": {"executed_lines": [1, 7, 9], "summary": {"covered_lines": 2, "num_statements": 2, "percent_covered": 100.0, "percent_covered_display": "100", "missing_lines": 0, "excluded_lines": 0}, "missing_lines": [], "excluded_lines": []}}, "classes": {"": {"executed_lines": [1, 7, 9], "summary": {"covered_lines": 2, "num_statements": 2, "percent_covered": 100.0, "percent_covered_display": "100", "missing_lines": 0, "excluded_lines": 0}, "missing_lines": [], "excluded_lines": []}}}, "src\\reelsbot\\editor\\ffmpeg_editor.py": {"executed_lines": [1, 7, 8, 10, 11, 12, 13, 16, 17, 35, 42, 43, 46, 47, 49, 125, 216, 263, 324], "summary": {"covered_lines": 17, "num_statements": 68, "percent_covered": 25.0, "percent_covered_display": "25", "missing_lines": 51, "excluded_lines": 0}, "missing_lines": [79, 80, 81, 82, 84, 87, 92, 106, 107, 109, 120, 122, 123, 161, 162, 164, 173, 182, 194, 197, 198, 200, 211, 213, 214, 242, 245, 246, 248, 258, 260, 261, 294, 297, 298, 299, 301, 302, 303, 305, 306, 309, 310, 312, 315, 317, 322, 339, 350, 351, 353], "excluded_lines": [], "functions": {"FFmpegEditor.__init__": {"executed_lines": [42, 43, 46, 47], "summary": {"covered_lines": 4, "num_statements": 4, "percent_covered": 100.0, "percent_covered_display": "100", "missing_lines": 0, "excluded_lines": 0}, "missing_lines": [], "excluded_lines": []}, "FFmpegEditor.compose_A_video": {"executed_lines": [], "summary": {"covered_lines": 0, "num_statements": 13, "percent_covered": 0.0, "percent_covered_display": "0", "missing_lines": 13, "excluded_lines": 0}, "missing_lines": [79, 80, 81, 82, 84, 87, 92, 106, 107, 109, 120, 122, 123], "excluded_lines": []}, "FFmpegEditor.compose_E_video": {"executed_lines": [], "summary": {"covered_lines": 0, "num_statements": 12, "percent_covered": 0.0, "percent_covered_display": "0", "missing_lines": 12, "excluded_lines": 0}, "missing_lines": [161, 162, 164, 173, 182, 194, 197, 198, 200, 211, 213, 214], "excluded_lines": []}, "FFmpegEditor.generate_thumbnail": {"executed_lines": [], "summary": {"covered_lines": 0, "num_statements": 7, "percent_covered": 0.0, "percent_covered_display": "0", "missing_lines": 7, "excluded_lines": 0}, "missing_lines": [242, 245, 246, 248, 258, 260, 261], "excluded_lines": []}, "FFmpegEditor.compose": {"executed_lines": [], "summary": {"covered_lines": 0, "num_statements": 15, "percent_covered": 0.0, "percent_covered_display": "0", "missing_lines": 15, "excluded_lines": 0}, "missing_lines": [294, 297, 298, 299, 301, 302, 303, 305, 306, 309, 310, 312, 315, 317, 322], "excluded_lines": []}, "FFmpegEditor._escape_text": {"executed_lines": [], "summary": {"covered_lines": 0, "num_statements": 4, "percent_covered": 0.0, "percent_covered_display": "0", "missing_lines": 4, "excluded_lines": 0}, "missing_lines": [339, 350, 351, 353], "excluded_lines": []}, "": {"executed_lines": [1, 7, 8, 10, 11, 12, 13, 16, 17, 35, 49, 125, 216, 263, 324], "summary": {"covered_lines": 13, "num_statements": 13, "percent_covered": 100.0, "percent_covered_display": "100", "missing_lines": 0, "excluded_lines": 0}, "missing_lines": [], "excluded_lines": []}}, "classes": {"FFmpegEditor": {"executed_lines": [42, 43, 46, 47], "summary": {"covered_lines": 4, "num_statements": 55, "percent_covered": 7.2727272727272725, "percent_covered_display": "7", "missing_lines": 51, "excluded_lines": 0}, "missing_lines": [79, 80, 81, 82, 84, 87, 92, 106, 107, 109, 120, 122, 123, 161, 162, 164, 173, 182, 194, 197, 198, 200, 211, 213, 214, 242, 245, 246, 248, 258, 260, 261, 294, 297, 298, 299, 301, 302, 303, 305, 306, 309, 310, 312, 315, 317, 322, 339, 350, 351, 353], "excluded_lines": []}, "": {"executed_lines": [1, 7, 8, 10, 11, 12, 13, 16, 17, 35, 49, 125, 216, 263, 324], "summary": {"covered_lines": 13, "num_statements": 13, "percent_covered": 100.0, "percent_covered_display": "100", "missing_lines": 0, "excluded_lines": 0}, "missing_lines": [], "excluded_lines": []}}}, "src\\reelsbot\\generator\\__init__.py": {"executed_lines": [1, 8, 9, 11], "summary": {"covered_lines": 3, "num_statements": 3, "percent_covered": 100.0, "percent_covered_display": "100", "missing_lines": 0, "excluded_lines": 0}, "missing_lines": [], "excluded_lines": [], "functions": {"": {"executed_lines": [1, 8, 9, 11], "summary": {"covered_lines": 3, "num_statements": 3, "percent_covered": 100.0, "percent_covered_display": "100", "missing_lines": 0, "excluded_lines": 0}, "missing_lines": [], "excluded_lines": []}}, "classes": {"": {"executed_lines": [1, 8, 9, 11], "summary": {"covered_lines": 3, "num_statements": 3, "percent_covered": 100.0, "percent_covered_display": "100", "missing_lines": 0, "excluded_lines": 0}, "missing_lines": [], "excluded_lines": []}}}, "src\\reelsbot\\generator\\base.py": {"executed_lines": [1, 8, 9, 11, 14, 15, 35, 36, 74, 75, 117, 159], "summary": {"covered_lines": 10, "num_statements": 35, "percent_covered": 28.571428571428573, "percent_covered_display": "29", "missing_lines": 25, "excluded_lines": 1}, "missing_lines": [72, 115, 140, 143, 144, 145, 146, 147, 149, 151, 154, 155, 157, 172, 173, 178, 179, 180, 181, 182, 183, 184, 185, 186, 187], "excluded_lines": [15], "functions": {"BaseGenerator.generate_A_video": {"executed_lines": [], "summary": {"covered_lines": 0, "num_statements": 1, "percent_covered": 0.0, "percent_covered_display": "0", "missing_lines": 1, "excluded_lines": 0}, "missing_lines": [72], "excluded_lines": []}, "BaseGenerator.generate_E_video": {"executed_lines": [], "summary": {"covered_lines": 0, "num_statements": 1, "percent_covered": 0.0, "percent_covered_display": "0", "missing_lines": 1, "excluded_lines": 0}, "missing_lines": [115], "excluded_lines": []}, "BaseGenerator.generate": {"executed_lines": [], "summary": {"covered_lines": 0, "num_statements": 11, "percent_covered": 0.0, "percent_covered_display": "0", "missing_lines": 11, "excluded_lines": 0}, "missing_lines": [140, 143, 144, 145, 146, 147, 149, 151, 154, 155, 157], "excluded_lines": []}, "BaseGenerator.validate_plan": {"executed_lines": [], "summary": {"covered_lines": 0, "num_statements": 12, "percent_covered": 0.0, "percent_covered_display": "0", "missing_lines": 12, "excluded_lines": 0}, "missing_lines": [172, 173, 178, 179, 180, 181, 182, 183, 184, 185, 186, 187], "excluded_lines": []}, "": {"executed_lines": [1, 8, 9, 11, 14, 15, 35, 36, 74, 75, 117, 159], "summary": {"covered_lines": 10, "num_statements": 10, "percent_covered": 100.0, "percent_covered_display": "100", "missing_lines": 0, "excluded_lines": 1}, "missing_lines": [], "excluded_lines": [15]}}, "classes": {"BaseGenerator": {"executed_lines": [], "summary": {"covered_lines": 0, "num_statements": 25, "percent_covered": 0.0, "percent_covered_display": "0", "missing_lines": 25, "excluded_lines": 0}, "missing_lines": [72, 115, 140, 143, 144, 145, 146, 147, 149, 151, 154, 155, 157, 172, 173, 178, 179, 180, 181, 182, 183, 184, 185, 186, 187], "excluded_lines": []}, "": {"executed_lines": [1, 8, 9, 11, 14, 15, 35, 36, 74, 75, 117, 159], "summary": {"covered_lines": 10, "num_statements": 10, "percent_covered": 100.0, "percent_covered_display": "100", "missing_lines": 0, "excluded_lines": 1}, "missing_lines": [], "excluded_lines": [15]}}}, "src\\reelsbot\\generator\\ffmpeg_dummy.py": {"executed_lines": [1, 8, 9, 10, 12, 13, 14, 15, 16, 17, 20, 21, 37, 44, 45, 47, 83, 153], "summary": {"covered_lines": 16, "num_statements": 49, "percent_covered": 32.6530612244898, "percent_covered_display": "33", "missing_lines": 33, "excluded_lines": 0}, "missing_lines": [64, 66, 72, 75, 78, 80, 81, 101, 103, 109, 110, 111, 113, 116, 117, 121, 122, 126, 134, 148, 150, 151, 166, 168, 170, 188, 190, 203, 205, 228, 230, 251, 254], "excluded_lines": [], "functions": {"FFmpegDummyGenerator.__init__": {"executed_lines": [44, 45], "summary": {"covered_lines": 2, "num_statements": 2, "percent_covered": 100.0, "percent_covered_display": "100", "missing_lines": 0, "excluded_lines": 0}, "missing_lines": [], "excluded_lines": []}, "FFmpegDummyGenerator.generate_A_video": {"executed_lines": [], "summary": {"covered_lines": 0, "num_statements": 7, "percent_covered": 0.0, "percent_covered_display": "0", "missing_lines": 7, "excluded_lines": 0}, "missing_lines": [64, 66, 72, 75, 78, 80, 81], "excluded_lines": []}, "FFmpegDummyGenerator.generate_E_video": {"executed_lines": [], "summary": {"covered_lines": 0, "num_statements": 15, "percent_covered": 0.0, "percent_covered_display": "0", "missing_lines": 15, "excluded_lines": 0}, "missing_lines": [101, 103, 109, 110, 111, 113, 116, 117, 121, 122, 126, 134, 148, 150, 151], "excluded_lines": []}, "FFmpegDummyGenerator._get_theme_filter": {"executed_lines": [], "summary": {"covered_lines": 0, "num_statements": 11, "percent_covered": 0.0, "percent_covered_display": "0", "missing_lines": 11, "excluded_lines": 0}, "missing_lines": [166, 168, 170, 188, 190, 203, 205, 228, 230, 251, 254], "excluded_lines": []}, "": {"executed_lines": [1, 8, 9, 10, 12, 13, 14, 15, 16, 17, 20, 21, 37, 47, 83, 153], "summary": {"covered_lines": 14, "num_statements": 14, "percent_covered": 100.0, "percent_covered_display": "100", "missing_lines": 0, "excluded_lines": 0}, "missing_lines": [], "excluded_lines": []}}, "classes": {"FFmpegDummyGenerator": {"executed_lines": [44, 45], "summary": {"covered_lines": 2, "num_statements": 35, "percent_covered": 5.714285714285714, "percent_covered_display": "6", "missing_lines": 33, "excluded_lines": 0}, "missing_lines": [64, 66, 72, 75, 78, 80, 81, 101, 103, 109, 110, 111, 113, 116, 117, 121, 122, 126, 134, 148, 150, 151, 166, 168, 170, 188, 190, 203, 205, 228, 230, 251, 254], "excluded_lines": []}, "": {"executed_lines": [1, 8, 9, 10, 12, 13, 14, 15, 16, 17, 20, 21, 37, 47, 83, 153], "summary": {"covered_lines": 14, "num_statements": 14, "percent_covered": 100.0, "percent_covered_display": "100", "missing_lines": 0, "excluded_lines": 0}, "missing_lines": [], "excluded_lines": []}}}, "src\\reelsbot\\llm_client.py": {"executed_lines": [1, 7, 8, 10, 11, 12, 19, 22, 23, 25, 28, 29, 40, 66, 71, 131, 168, 207, 219], "summary": {"covered_lines": 16, "num_statements": 62, "percent_covered": 25.806451612903224, "percent_covered_display": "26", "missing_lines": 46, "excluded_lines": 0}, "missing_lines": [50, 51, 52, 55, 56, 57, 58, 59, 60, 62, 64, 102, 103, 104, 105, 107, 112, 113, 114, 117, 118, 122, 124, 125, 126, 127, 128, 129, 149, 150, 152, 161, 162, 163, 164, 166, 186, 187, 189, 200, 201, 202, 203, 205, 213, 235], "excluded_lines": [], "functions": {"LLMClient.__init__": {"executed_lines": [], "summary": {"covered_lines": 0, "num_statements": 11, "percent_covered": 0.0, "percent_covered_display": "0", "missing_lines": 11, "excluded_lines": 0}, "missing_lines": [50, 51, 52, 55, 56, 57, 58, 59, 60, 62, 64], "excluded_lines": []}, "LLMClient.generate": {"executed_lines": [], "summary": {"covered_lines": 0, "num_statements": 17, "percent_covered": 0.0, "percent_covered_display": "0", "missing_lines": 17, "excluded_lines": 0}, "missing_lines": [102, 103, 104, 105, 107, 112, 113, 114, 117, 118, 122, 124, 125, 126, 127, 128, 129], "excluded_lines": []}, "LLMClient._generate_anthropic": {"executed_lines": [], "summary": {"covered_lines": 0, "num_statements": 8, "percent_covered": 0.0, "percent_covered_display": "0", "missing_lines": 8, "excluded_lines": 0}, "missing_lines": [149, 150, 152, 161, 162, 163, 164, 166], "excluded_lines": []}, "LLMClient._generate_openai": {"executed_lines": [], "summary": {"covered_lines": 0, "num_statements": 8, "percent_covered": 0.0, "percent_covered_display": "0", "missing_lines": 8, "excluded_lines": 0}, "missing_lines": [186, 187, 189, 200, 201, 202, 203, 205], "excluded_lines": []}, "LLMClient.get_model_info": {"executed_lines": [], "summary": {"covered_lines": 0, "num_statements": 1, "percent_covered": 0.0, "percent_covered_display": "0", "missing_lines": 1, "excluded_lines": 0}, "missing_lines": [213], "excluded_lines": []}, "create_llm_client": {"executed_lines": [], "summary": {"covered_lines": 0, "num_statements": 1, "percent_covered": 0.0, "percent_covered_display": "0", "missing_lines": 1, "excluded_lines": 0}, "missing_lines": [235], "excluded_lines": []}, "": {"executed_lines": [1, 7, 8, 10, 11, 12, 19, 22, 23, 25, 28, 29, 40, 66, 71, 131, 168, 207, 219], "summary": {"covered_lines": 16, "num_statements": 16, "percent_covered": 100.0, "percent_covered_display": "100", "missing_lines": 0, "excluded_lines": 0}, "missing_lines": [], "excluded_lines": []}}, "classes": {"LLMError": {"executed_lines": [], "summary": {"covered_lines": 0, "num_statements": 0, "percent_covered": 100.0, "percent_covered_display": "100", "missing_lines": 0, "excluded_lines": 0}, "missing_lines": [], "excluded_lines": []}, "LLMClient": {"executed_lines": [], "summary": {"covered_lines": 0, "num_statements": 45, "percent_covered": 0.0, "percent_covered_display": "0", "missing_lines": 45, "excluded_lines": 0}, "missing_lines": [50, 51, 52, 55, 56, 57, 58, 59, 60, 62, 64, 102, 103, 104, 105, 107, 112, 113, 114, 117, 118, 122, 124, 125, 126, 127, 128, 129, 149, 150, 152, 161, 162, 163, 164, 166, 186, 187, 189, 200, 201, 202, 203, 205, 213], "excluded_lines": []}, "": {"executed_lines": [1, 7, 8, 10, 11, 12, 19, 22, 23, 25, 28, 29, 40, 66, 71, 131, 168, 207, 219], "summary": {"covered_lines": 16, "num_statements": 17, "percent_covered": 94.11764705882354, "percent_covered_display": "94", "missing_lines": 1, "excluded_lines": 0}, "missing_lines": [235], "excluded_lines": []}}}, "src\\reelsbot\\models.py": {"executed_lines": [1, 7, 8, 9, 11, 14, 15, 32, 35, 38, 41, 48, 54, 60, 64, 69, 70, 71, 85, 87, 88, 89, 98, 100, 106, 107, 109, 110, 112, 114, 117, 125, 133, 139, 140, 142, 145, 146, 162, 165, 169, 172, 175, 179, 182, 185, 190, 191, 192, 205, 206, 207, 208, 210, 211, 212, 214, 215, 216, 226, 228, 230, 238, 248, 256, 264, 279, 280, 282], "summary": {"covered_lines": 65, "num_statements": 80, "percent_covered": 81.25, "percent_covered_display": "81", "missing_lines": 15, "excluded_lines": 0}, "missing_lines": [108, 111, 113, 115, 123, 131, 209, 227, 236, 244, 245, 246, 254, 262, 270], "excluded_lines": [], "functions": {"ReelPlan.validate_duration": {"executed_lines": [85], "summary": {"covered_lines": 1, "num_statements": 1, "percent_covered": 100.0, "percent_covered_display": "100", "missing_lines": 0, "excluded_lines": 0}, "missing_lines": [], "excluded_lines": []}, "ReelPlan.validate_type_fields": {"executed_lines": [98], "summary": {"covered_lines": 1, "num_statements": 1, "percent_covered": 100.0, "percent_covered_display": "100", "missing_lines": 0, "excluded_lines": 0}, "missing_lines": [], "excluded_lines": []}, "ReelPlan.model_post_init": {"executed_lines": [106, 107, 109, 110, 112, 114], "summary": {"covered_lines": 6, "num_statements": 10, "percent_covered": 60.0, "percent_covered_display": "60", "missing_lines": 4, "excluded_lines": 0}, "missing_lines": [108, 111, 113, 115], "excluded_lines": []}, "ReelPlan.is_abstract": {"executed_lines": [], "summary": {"covered_lines": 0, "num_statements": 1, "percent_covered": 0.0, "percent_covered_display": "0", "missing_lines": 1, "excluded_lines": 0}, "missing_lines": [123], "excluded_lines": []}, "ReelPlan.is_educational": {"executed_lines": [], "summary": {"covered_lines": 0, "num_statements": 1, "percent_covered": 0.0, "percent_covered_display": "0", "missing_lines": 1, "excluded_lines": 0}, "missing_lines": [131], "excluded_lines": []}, "ReelPlan.get_display_title": {"executed_lines": [139, 140, 142], "summary": {"covered_lines": 3, "num_statements": 3, "percent_covered": 100.0, "percent_covered_display": "100", "missing_lines": 0, "excluded_lines": 0}, "missing_lines": [], "excluded_lines": []}, "ReelMetadata.validate_hashtags": {"executed_lines": [205, 206, 207, 208, 210, 211, 212], "summary": {"covered_lines": 7, "num_statements": 8, "percent_covered": 87.5, "percent_covered_display": "88", "missing_lines": 1, "excluded_lines": 0}, "missing_lines": [209], "excluded_lines": []}, "ReelMetadata.validate_paths": {"executed_lines": [226, 228], "summary": {"covered_lines": 2, "num_statements": 3, "percent_covered": 66.66666666666667, "percent_covered_display": "67", "missing_lines": 1, "excluded_lines": 0}, "missing_lines": [227], "excluded_lines": []}, "ReelMetadata.get_hashtags_string": {"executed_lines": [], "summary": {"covered_lines": 0, "num_statements": 1, "percent_covered": 0.0, "percent_covered_display": "0", "missing_lines": 1, "excluded_lines": 0}, "missing_lines": [236], "excluded_lines": []}, "ReelMetadata.get_full_caption": {"executed_lines": [], "summary": {"covered_lines": 0, "num_statements": 3, "percent_covered": 0.0, "percent_covered_display": "0", "missing_lines": 3, "excluded_lines": 0}, "missing_lines": [244, 245, 246], "excluded_lines": []}, "ReelMetadata.is_published": {"executed_lines": [], "summary": {"covered_lines": 0, "num_statements": 1, "percent_covered": 0.0, "percent_covered_display": "0", "missing_lines": 1, "excluded_lines": 0}, "missing_lines": [254], "excluded_lines": []}, "ReelMetadata.is_failed": {"executed_lines": [], "summary": {"covered_lines": 0, "num_statements": 1, "percent_covered": 0.0, "percent_covered_display": "0", "missing_lines": 1, "excluded_lines": 0}, "missing_lines": [262], "excluded_lines": []}, "ReelMetadata.to_summary_dict": {"executed_lines": [], "summary": {"covered_lines": 0, "num_statements": 1, "percent_covered": 0.0, "percent_covered_display": "0", "missing_lines": 1, "excluded_lines": 0}, "missing_lines": [270], "excluded_lines": []}, "": {"executed_lines": [1, 7, 8, 9, 11, 14, 15, 32, 35, 38, 41, 48, 54, 60, 64, 69, 70, 71, 87, 88, 89, 100, 117, 125, 133, 145, 146, 162, 165, 169, 172, 175, 179, 182, 185, 190, 191, 192, 214, 215, 216, 230, 238, 248, 256, 264, 279, 280, 282], "summary": {"covered_lines": 45, "num_statements": 45, "percent_covered": 100.0, "percent_covered_display": "100", "missing_lines": 0, "excluded_lines": 0}, "missing_lines": [], "excluded_lines": []}}, "classes": {"ReelPlan": {"executed_lines": [85, 98, 106, 107, 109, 110, 112, 114, 139, 140, 142], "summary": {"covered_lines": 11, "num_statements": 17, "percent_covered": 64.70588235294117, "percent_covered_display": "65", "missing_lines": 6, "excluded_lines": 0}, "missing_lines": [108, 111, 113, 115, 123, 131], "excluded_lines": []}, "ReelMetadata": {"executed_lines": [205, 206, 207, 208, 210, 211, 212, 226, 228], "summary": {"covered_lines": 9, "num_statements": 18, "percent_covered": 50.0, "percent_covered_display": "50", "missing_lines": 9, "excluded_lines": 0}, "missing_lines": [209, 227, 236, 244, 245, 246, 254, 262, 270], "excluded_lines": []}, "ReelMetadata.Config": {"executed_lines": [], "summary": {"covered_lines": 0, "num_statements": 0, "percent_covered": 100.0, "percent_covered_display": "100", "missing_lines": 0, "excluded_lines": 0}, "missing_lines": [], "excluded_lines": []}, "": {"executed_lines": [1, 7, 8, 9, 11, 14, 15, 32, 35, 38, 41, 48, 54, 60, 64, 69, 70, 71, 87, 88, 89, 100, 117, 125, 133, 145, 146, 162, 165, 169, 172, 175, 179, 182, 185, 190, 191, 192, 214, 215, 216, 230, 238, 248, 256, 264, 279, 280, 282], "summary": {"covered_lines": 45, "num_statements": 45, "percent_covered": 100.0, "percent_covered_display": "100", "missing_lines": 0, "excluded_lines": 0}, "missing_lines": [], "excluded_lines": []}}}, "src\\reelsbot\\orchestrator.py": {"executed_lines": [1, 7, 8, 9, 10, 11, 13, 14, 15, 16, 17, 18, 19, 20, 21, 22, 23, 26, 27, 28, 31, 32, 56, 63, 64, 67, 70, 71, 72, 73, 74, 75, 76, 78, 80, 123, 124, 127, 128, 129, 132, 133, 136, 137, 140, 141, 143, 144, 146, 147, 153, 154, 156, 157, 158, 163, 166, 167, 168, 170, 172, 188, 190, 191, 192, 194, 195, 198, 199, 201, 203, 214, 217, 218, 220, 222, 224, 246, 247, 248, 251, 252, 253, 254, 257, 258, 259, 264, 267, 268, 269, 274, 277, 278, 279, 282, 283, 295, 298, 299, 302, 303, 305, 307, 321, 322, 324, 325, 326, 329, 331, 332, 333, 336, 337, 339, 341, 342, 345, 350, 352, 353, 354, 355, 356, 360, 365, 377, 378], "summary": {"covered_lines": 126, "num_statements": 127, "percent_covered": 99.21259842519684, "percent_covered_display": "99", "missing_lines": 1, "excluded_lines": 0}, "missing_lines": [363], "excluded_lines": [], "functions": {"Orchestrator.__init__": {"executed_lines": [63, 64, 67, 70, 71, 72, 73, 74, 75, 76, 78], "summary": {"covered_lines": 11, "num_statements": 11, "percent_covered": 100.0, "percent_covered_display": "100", "missing_lines": 0, "excluded_lines": 0}, "missing_lines": [], "excluded_lines": []}, "Orchestrator.run_pipeline": {"executed_lines": [123, 124, 127, 128, 129, 132, 133, 136, 137, 140, 141, 143, 144, 146, 147, 153, 154, 156, 157, 158, 163, 166, 167, 168, 170], "summary": {"covered_lines": 25, "num_statements": 25, "percent_covered": 100.0, "percent_covered_display": "100", "missing_lines": 0, "excluded_lines": 0}, "missing_lines": [], "excluded_lines": []}, "Orchestrator._generate_plans": {"executed_lines": [188, 190, 191, 192, 194, 195, 198, 199, 201], "summary": {"covered_lines": 9, "num_statements": 9, "percent_covered": 100.0, "percent_covered_display": "100", "missing_lines": 0, "excluded_lines": 0}, "missing_lines": [], "excluded_lines": []}, "Orchestrator._create_single_plan": {"executed_lines": [214, 217, 218, 220, 222], "summary": {"covered_lines": 5, "num_statements": 5, "percent_covered": 100.0, "percent_covered_display": "100", "missing_lines": 0, "excluded_lines": 0}, "missing_lines": [], "excluded_lines": []}, "Orchestrator._process_single_plan": {"executed_lines": [246, 247, 248, 251, 252, 253, 254, 257, 258, 259, 264, 267, 268, 269, 274, 277, 278, 279, 282, 283, 295, 298, 299, 302, 303, 305], "summary": {"covered_lines": 26, "num_statements": 26, "percent_covered": 100.0, "percent_covered_display": "100", "missing_lines": 0, "excluded_lines": 0}, "missing_lines": [], "excluded_lines": []}, "Orchestrator._validate_with_retry": {"executed_lines": [321, 322, 324, 325, 326, 329, 331, 332, 333, 336, 337, 339, 341, 342, 345, 350, 352, 353, 354, 355, 356, 360], "summary": {"covered_lines": 22, "num_statements": 23, "percent_covered": 95.65217391304348, "percent_covered_display": "96", "missing_lines": 1, "excluded_lines": 0}, "missing_lines": [363], "excluded_lines": []}, "Orchestrator._generate_run_id": {"executed_lines": [377, 378], "summary": {"covered_lines": 2, "num_statements": 2, "percent_covered": 100.0, "percent_covered_display": "100", "missing_lines": 0, "excluded_lines": 0}, "missing_lines": [], "excluded_lines": []}, "": {"executed_lines": [1, 7, 8, 9, 10, 11, 13, 14, 15, 16, 17, 18, 19, 20, 21, 22, 23, 26, 27, 28, 31, 32, 56, 80, 172, 203, 224, 307, 365], "summary": {"covered_lines": 26, "num_statements": 26, "percent_covered": 100.0, "percent_covered_display": "100", "missing_lines": 0, "excluded_lines": 0}, "missing_lines": [], "excluded_lines": []}}, "classes": {"OrchestratorError": {"executed_lines": [], "summary": {"covered_lines": 0, "num_statements": 0, "percent_covered": 100.0, "percent_covered_display": "100", "missing_lines": 0, "excluded_lines": 0}, "missing_lines": [], "excluded_lines": []}, "Orchestrator": {"executed_lines": [63, 64, 67, 70, 71, 72, 73, 74, 75, 76, 78, 123, 124, 127, 128, 129, 132, 133, 136, 137, 140, 141, 143, 144, 146, 147, 153, 154, 156, 157, 158, 163, 166, 167, 168, 170, 188, 190, 191, 192, 194, 195, 198, 199, 201, 214, 217, 218, 220, 222, 246, 247, 248, 251, 252, 253, 254, 257, 258, 259, 264, 267, 268, 269, 274, 277, 278, 279, 282, 283, 295, 298, 299, 302, 303, 305, 321, 322, 324, 325, 326, 329, 331, 332, 333, 336, 337, 339, 341, 342, 345, 350, 352, 353, 354, 355, 356, 360, 377, 378], "summary": {"covered_lines": 100, "num_statements": 101, "percent_covered": 99.00990099009901, "percent_covered_display": "99", "missing_lines": 1, "excluded_lines": 0}, "missing_lines": [363], "excluded_lines": []}, "": {"executed_lines": [1, 7, 8, 9, 10, 11, 13, 14, 15, 16, 17, 18, 19, 20, 21, 22, 23, 26, 27, 28, 31, 32, 56, 80, 172, 203, 224, 307, 365], "summary": {"covered_lines": 26, "num_statements": 26, "percent_covered": 100.0, "percent_covered_display": "100", "missing_lines": 0, "excluded_lines": 0}, "missing_lines": [], "excluded_lines": []}}}, "src\\reelsbot\\planner.py": {"executed_lines": [1, 8, 9, 10, 11, 12, 14, 15, 16, 19, 20, 22, 25, 26, 38, 54, 55, 56, 59, 60, 65, 66, 68, 145, 195, 231, 271, 304], "summary": {"covered_lines": 25, "num_statements": 113, "percent_covered": 22.123893805309734, "percent_covered_display": "22", "missing_lines": 88, "excluded_lines": 0}, "missing_lines": [61, 91, 92, 93, 94, 96, 97, 98, 100, 106, 109, 110, 114, 115, 116, 119, 120, 121, 122, 125, 126, 131, 132, 133, 136, 139, 140, 142, 143, 162, 164, 165, 167, 173, 174, 178, 179, 181, 182, 183, 184, 186, 187, 189, 190, 192, 193, 211, 212, 229, 246, 249, 250, 251, 252, 255, 256, 259, 260, 261, 262, 263, 264, 265, 269, 284, 285, 287, 288, 291, 292, 294, 295, 298, 299, 300, 302, 315, 316, 317, 318, 319, 323, 324, 325, 326, 327, 334], "excluded_lines": [], "functions": {"Planner.__init__": {"executed_lines": [54, 55, 56, 59, 60, 65, 66], "summary": {"covered_lines": 7, "num_statements": 8, "percent_covered": 87.5, "percent_covered_display": "88", "missing_lines": 1, "excluded_lines": 0}, "missing_lines": [61], "excluded_lines": []}, "Planner.generate_daily_plan": {"executed_lines": [], "summary": {"covered_lines": 0, "num_statements": 28, "percent_covered": 0.0, "percent_covered_display": "0", "missing_lines": 28, "excluded_lines": 0}, "missing_lines": [91, 92, 93, 94, 96, 97, 98, 100, 106, 109, 110, 114, 115, 116, 119, 120, 121, 122, 125, 126, 131, 132, 133, 136, 139, 140, 142, 143], "excluded_lines": []}, "Planner.regenerate_single_plan": {"executed_lines": [], "summary": {"covered_lines": 0, "num_statements": 18, "percent_covered": 0.0, "percent_covered_display": "0", "missing_lines": 18, "excluded_lines": 0}, "missing_lines": [162, 164, 165, 167, 173, 174, 178, 179, 181, 182, 183, 184, 186, 187, 189, 190, 192, 193], "excluded_lines": []}, "Planner._create_user_prompt": {"executed_lines": [], "summary": {"covered_lines": 0, "num_statements": 3, "percent_covered": 0.0, "percent_covered_display": "0", "missing_lines": 3, "excluded_lines": 0}, "missing_lines": [211, 212, 229], "excluded_lines": []}, "Planner._parse_llm_response": {"executed_lines": [], "summary": {"covered_lines": 0, "num_statements": 15, "percent_covered": 0.0, "percent_covered_display": "0", "missing_lines": 15, "excluded_lines": 0}, "missing_lines": [246, 249, 250, 251, 252, 255, 256, 259, 260, 261, 262, 263, 264, 265, 269], "excluded_lines": []}, "Planner._extract_json": {"executed_lines": [], "summary": {"covered_lines": 0, "num_statements": 12, "percent_covered": 0.0, "percent_covered_display": "0", "missing_lines": 12, "excluded_lines": 0}, "missing_lines": [284, 285, 287, 288, 291, 292, 294, 295, 298, 299, 300, 302], "excluded_lines": []}, "Planner._validate_plan": {"executed_lines": [], "summary": {"covered_lines": 0, "num_statements": 11, "percent_covered": 0.0, "percent_covered_display": "0", "missing_lines": 11, "excluded_lines": 0}, "missing_lines": [315, 316, 317, 318, 319, 323, 324, 325, 326, 327, 334], "excluded_lines": []}, "": {"executed_lines": [1, 8, 9, 10, 11, 12, 14, 15, 16, 19, 20, 22, 25, 26, 38, 68, 145, 195, 231, 271, 304], "summary": {"covered_lines": 18, "num_statements": 18, "percent_covered": 100.0, "percent_covered_display": "100", "missing_lines": 0, "excluded_lines": 0}, "missing_lines": [], "excluded_lines": []}}, "classes": {"PlannerError": {"executed_lines": [], "summary": {"covered_lines": 0, "num_statements": 0, "percent_covered": 100.0, "percent_covered_display": "100", "missing_lines": 0, "excluded_lines": 0}, "missing_lines": [], "excluded_lines": []}, "Planner": {"executed_lines": [54, 55, 56, 59, 60, 65, 66], "summary": {"covered_lines": 7, "num_statements": 95, "percent_covered": 7.368421052631579, "percent_covered_display": "7", "missing_lines": 88, "excluded_lines": 0}, "missing_lines": [61, 91, 92, 93, 94, 96, 97, 98, 100, 106, 109, 110, 114, 115, 116, 119, 120, 121, 122, 125, 126, 131, 132, 133, 136, 139, 140, 142, 143, 162, 164, 165, 167, 173, 174, 178, 179, 181, 182, 183, 184, 186, 187, 189, 190, 192, 193, 211, 212, 229, 246, 249, 250, 251, 252, 255, 256, 259, 260, 261, 262, 263, 264, 265, 269, 284, 285, 287, 288, 291, 292, 294, 295, 298, 299, 300, 302, 315, 316, 317, 318, 319, 323, 324, 325, 326, 327, 334], "excluded_lines": []}, "": {"executed_lines": [1, 8, 9, 10, 11, 12, 14, 15, 16, 19, 20, 22, 25, 26, 38, 68, 145, 195, 231, 271, 304], "summary": {"covered_lines": 18, "num_statements": 18, "percent_covered": 100.0, "percent_covered_display": "100", "missing_lines": 0, "excluded_lines": 0}, "missing_lines": [], "excluded_lines": []}}}, "src\\reelsbot\\policy_gate.py": {"executed_lines": [1, 8, 9, 10, 12, 13, 14, 17, 18, 24, 27, 28, 41, 57, 58, 59, 62, 63, 66, 67, 72, 73, 75, 115, 124, 126, 131, 132, 133, 135, 138, 139, 141, 143, 145, 199, 268, 276], "summary": {"covered_lines": 35, "num_statements": 102, "percent_covered": 34.31372549019608, "percent_covered_display": "34", "missing_lines": 67, "excluded_lines": 0}, "missing_lines": [68, 96, 98, 99, 100, 101, 104, 105, 108, 109, 110, 112, 113, 127, 157, 159, 160, 161, 162, 163, 164, 165, 166, 167, 168, 169, 170, 173, 174, 175, 177, 180, 183, 185, 188, 190, 191, 195, 197, 208, 210, 214, 216, 221, 223, 224, 225, 228, 230, 232, 237, 238, 240, 242, 243, 245, 249, 254, 255, 257, 259, 260, 264, 265, 266, 274, 285], "excluded_lines": [], "functions": {"PolicyGate.__init__": {"executed_lines": [57, 58, 59, 62, 63, 66, 67, 72, 73], "summary": {"covered_lines": 9, "num_statements": 10, "percent_covered": 90.0, "percent_covered_display": "90", "missing_lines": 1, "excluded_lines": 0}, "missing_lines": [68], "excluded_lines": []}, "PolicyGate.validate_plan": {"executed_lines": [], "summary": {"covered_lines": 0, "num_statements": 12, "percent_covered": 0.0, "percent_covered_display": "0", "missing_lines": 12, "excluded_lines": 0}, "missing_lines": [96, 98, 99, 100, 101, 104, 105, 108, 109, 110, 112, 113], "excluded_lines": []}, "PolicyGate._load_blocked_terms": {"executed_lines": [124, 126, 131, 132, 133, 135, 138, 139, 141, 143], "summary": {"covered_lines": 10, "num_statements": 11, "percent_covered": 90.9090909090909, "percent_covered_display": "91", "missing_lines": 1, "excluded_lines": 0}, "missing_lines": [127], "excluded_lines": []}, "PolicyGate._rule_based_check": {"executed_lines": [], "summary": {"covered_lines": 0, "num_statements": 25, "percent_covered": 0.0, "percent_covered_display": "0", "missing_lines": 25, "excluded_lines": 0}, "missing_lines": [157, 159, 160, 161, 162, 163, 164, 165, 166, 167, 168, 169, 170, 173, 174, 175, 177, 180, 183, 185, 188, 190, 191, 195, 197], "excluded_lines": []}, "PolicyGate._llm_brand_safety_check": {"executed_lines": [], "summary": {"covered_lines": 0, "num_statements": 26, "percent_covered": 0.0, "percent_covered_display": "0", "missing_lines": 26, "excluded_lines": 0}, "missing_lines": [208, 210, 214, 216, 221, 223, 224, 225, 228, 230, 232, 237, 238, 240, 242, 243, 245, 249, 254, 255, 257, 259, 260, 264, 265, 266], "excluded_lines": []}, "PolicyGate.get_blocked_terms_count": {"executed_lines": [], "summary": {"covered_lines": 0, "num_statements": 1, "percent_covered": 0.0, "percent_covered_display": "0", "missing_lines": 1, "excluded_lines": 0}, "missing_lines": [274], "excluded_lines": []}, "PolicyGate.is_term_blocked": {"executed_lines": [], "summary": {"covered_lines": 0, "num_statements": 1, "percent_covered": 0.0, "percent_covered_display": "0", "missing_lines": 1, "excluded_lines": 0}, "missing_lines": [285], "excluded_lines": []}, "": {"executed_lines": [1, 8, 9, 10, 12, 13, 14, 17, 18, 24, 27, 28, 41, 75, 115, 145, 199, 268, 276], "summary": {"covered_lines": 16, "num_statements": 16, "percent_covered": 100.0, "percent_covered_display": "100", "missing_lines": 0, "excluded_lines": 0}, "missing_lines": [], "excluded_lines": []}}, "classes": {"PolicyViolationError": {"executed_lines": [], "summary": {"covered_lines": 0, "num_statements": 0, "percent_covered": 100.0, "percent_covered_display": "100", "missing_lines": 0, "excluded_lines": 0}, "missing_lines": [], "excluded_lines": []}, "PolicyGate": {"executed_lines": [57, 58, 59, 62, 63, 66, 67, 72, 73, 124, 126, 131, 132, 133, 135, 138, 139, 141, 143], "summary": {"covered_lines": 19, "num_statements": 86, "percent_covered": 22.093023255813954, "percent_covered_display": "22", "missing_lines": 67, "excluded_lines": 0}, "missing_lines": [68, 96, 98, 99, 100, 101, 104, 105, 108, 109, 110, 112, 113, 127, 157, 159, 160, 161, 162, 163, 164, 165, 166, 167, 168, 169, 170, 173, 174, 175, 177, 180, 183, 185, 188, 190, 191, 195, 197, 208, 210, 214, 216, 221, 223, 224, 225, 228, 230, 232, 237, 238, 240, 242, 243, 245, 249, 254, 255, 257, 259, 260, 264, 265, 266, 274, 285], "excluded_lines": []}, "": {"executed_lines": [1, 8, 9, 10, 12, 13, 14, 17, 18, 24, 27, 28, 41, 75, 115, 145, 199, 268, 276], "summary": {"covered_lines": 16, "num_statements": 16, "percent_covered": 100.0, "percent_covered_display": "100", "missing_lines": 0, "excluded_lines": 0}, "missing_lines": [], "excluded_lines": []}}}, "src\\reelsbot\\publisher\\__init__.py": {"executed_lines": [1, 3, 4, 6], "summary": {"covered_lines": 3, "num_statements": 3, "percent_covered": 100.0, "percent_covered_display": "100", "missing_lines": 0, "excluded_lines": 0}, "missing_lines": [], "excluded_lines": [], "functions": {"": {"executed_lines": [1, 3, 4, 6], "summary": {"covered_lines": 3, "num_statements": 3, "percent_covered": 100.0, "percent_covered_display": "100", "missing_lines": 0, "excluded_lines": 0}, "missing_lines": [], "excluded_lines": []}}, "classes": {"": {"executed_lines": [1, 3, 4, 6], "summary": {"covered_lines": 3, "num_statements": 3, "percent_covered": 100.0, "percent_covered_display": "100", "missing_lines": 0, "excluded_lines": 0}, "missing_lines": [], "excluded_lines": []}}}, "src\\reelsbot\\publisher\\base.py": {"executed_lines": [1, 7, 8, 10, 13, 14, 16, 19, 20, 30, 31, 52, 53, 73], "summary": {"covered_lines": 11, "num_statements": 23, "percent_covered": 47.82608695652174, "percent_covered_display": "48", "missing_lines": 12, "excluded_lines": 0}, "missing_lines": [50, 71, 85, 86, 88, 89, 91, 92, 95, 96, 100, 101], "excluded_lines": [], "functions": {"BasePublisher.publish": {"executed_lines": [], "summary": {"covered_lines": 0, "num_statements": 1, "percent_covered": 0.0, "percent_covered_display": "0", "missing_lines": 1, "excluded_lines": 0}, "missing_lines": [50], "excluded_lines": []}, "BasePublisher.get_status": {"executed_lines": [], "summary": {"covered_lines": 0, "num_statements": 1, "percent_covered": 0.0, "percent_covered_display": "0", "missing_lines": 1, "excluded_lines": 0}, "missing_lines": [71], "excluded_lines": []}, "BasePublisher.validate_metadata": {"executed_lines": [], "summary": {"covered_lines": 0, "num_statements": 10, "percent_covered": 0.0, "percent_covered_display": "0", "missing_lines": 10, "excluded_lines": 0}, "missing_lines": [85, 86, 88, 89, 91, 92, 95, 96, 100, 101], "excluded_lines": []}, "": {"executed_lines": [1, 7, 8, 10, 13, 14, 16, 19, 20, 30, 31, 52, 53, 73], "summary": {"covered_lines": 11, "num_statements": 11, "percent_covered": 100.0, "percent_covered_display": "100", "missing_lines": 0, "excluded_lines": 0}, "missing_lines": [], "excluded_lines": []}}, "classes": {"PublisherError": {"executed_lines": [], "summary": {"covered_lines": 0, "num_statements": 0, "percent_covered": 100.0, "percent_covered_display": "100", "missing_lines": 0, "excluded_lines": 0}, "missing_lines": [], "excluded_lines": []}, "BasePublisher": {"executed_lines": [], "summary": {"covered_lines": 0, "num_statements": 12, "percent_covered": 0.0, "percent_covered_display": "0", "missing_lines": 12, "excluded_lines": 0}, "missing_lines": [50, 71, 85, 86, 88, 89, 91, 92, 95, 96, 100, 101], "excluded_lines": []}, "": {"executed_lines": [1, 7, 8, 10, 13, 14, 16, 19, 20, 30, 31, 52, 53, 73], "summary": {"covered_lines": 11, "num_statements": 11, "percent_covered": 100.0, "percent_covered_display": "100", "missing_lines": 0, "excluded_lines": 0}, "missing_lines": [], "excluded_lines": []}}}, "src\\reelsbot\\publisher\\dry_run.py": {"executed_lines": [1, 7, 8, 9, 10, 11, 13, 14, 15, 18, 19, 30, 41, 42, 45, 46, 48, 50, 122, 182, 195, 222, 273, 284], "summary": {"covered_lines": 22, "num_statements": 92, "percent_covered": 23.91304347826087, "percent_covered_display": "24", "missing_lines": 70, "excluded_lines": 0}, "missing_lines": [68, 70, 72, 73, 75, 78, 79, 80, 83, 84, 85, 86, 87, 90, 91, 92, 95, 96, 97, 100, 111, 115, 117, 118, 139, 141, 142, 148, 149, 150, 151, 153, 190, 192, 193, 202, 217, 219, 220, 231, 233, 234, 237, 243, 244, 246, 247, 249, 250, 252, 253, 254, 256, 265, 266, 269, 271, 282, 293, 294, 297, 304, 305, 306, 307, 308, 309, 310, 311, 315], "excluded_lines": [], "functions": {"DryRunPublisher.__init__": {"executed_lines": [41, 42, 45, 46, 48], "summary": {"covered_lines": 5, "num_statements": 5, "percent_covered": 100.0, "percent_covered_display": "100", "missing_lines": 0, "excluded_lines": 0}, "missing_lines": [], "excluded_lines": []}, "DryRunPublisher.publish": {"executed_lines": [], "summary": {"covered_lines": 0, "num_statements": 24, "percent_covered": 0.0, "percent_covered_display": "0", "missing_lines": 24, "excluded_lines": 0}, "missing_lines": [68, 70, 72, 73, 75, 78, 79, 80, 83, 84, 85, 86, 87, 90, 91, 92, 95, 96, 97, 100, 111, 115, 117, 118], "excluded_lines": []}, "DryRunPublisher.get_status": {"executed_lines": [], "summary": {"covered_lines": 0, "num_statements": 8, "percent_covered": 0.0, "percent_covered_display": "0", "missing_lines": 8, "excluded_lines": 0}, "missing_lines": [139, 141, 142, 148, 149, 150, 151, 153], "excluded_lines": []}, "DryRunPublisher._save_metadata_json": {"executed_lines": [], "summary": {"covered_lines": 0, "num_statements": 3, "percent_covered": 0.0, "percent_covered_display": "0", "missing_lines": 3, "excluded_lines": 0}, "missing_lines": [190, 192, 193], "excluded_lines": []}, "DryRunPublisher._save_caption_file": {"executed_lines": [], "summary": {"covered_lines": 0, "num_statements": 4, "percent_covered": 0.0, "percent_covered_display": "0", "missing_lines": 4, "excluded_lines": 0}, "missing_lines": [202, 217, 219, 220], "excluded_lines": []}, "DryRunPublisher.list_runs": {"executed_lines": [], "summary": {"covered_lines": 0, "num_statements": 18, "percent_covered": 0.0, "percent_covered_display": "0", "missing_lines": 18, "excluded_lines": 0}, "missing_lines": [231, 233, 234, 237, 243, 244, 246, 247, 249, 250, 252, 253, 254, 256, 265, 266, 269, 271], "excluded_lines": []}, "DryRunPublisher.get_output_directory": {"executed_lines": [], "summary": {"covered_lines": 0, "num_statements": 1, "percent_covered": 0.0, "percent_covered_display": "0", "missing_lines": 1, "excluded_lines": 0}, "missing_lines": [282], "excluded_lines": []}, "DryRunPublisher.clean_old_runs": {"executed_lines": [], "summary": {"covered_lines": 0, "num_statements": 12, "percent_covered": 0.0, "percent_covered_display": "0", "missing_lines": 12, "excluded_lines": 0}, "missing_lines": [293, 294, 297, 304, 305, 306, 307, 308, 309, 310, 311, 315], "excluded_lines": []}, "": {"executed_lines": [1, 7, 8, 9, 10, 11, 13, 14, 15, 18, 19, 30, 50, 122, 182, 195, 222, 273, 284], "summary": {"covered_lines": 17, "num_statements": 17, "percent_covered": 100.0, "percent_covered_display": "100", "missing_lines": 0, "excluded_lines": 0}, "missing_lines": [], "excluded_lines": []}}, "classes": {"DryRunPublisher": {"executed_lines": [41, 42, 45, 46, 48], "summary": {"covered_lines": 5, "num_statements": 75, "percent_covered": 6.666666666666667, "percent_covered_display": "7", "missing_lines": 70, "excluded_lines": 0}, "missing_lines": [68, 70, 72, 73, 75, 78, 79, 80, 83, 84, 85, 86, 87, 90, 91, 92, 95, 96, 97, 100, 111, 115, 117, 118, 139, 141, 142, 148, 149, 150, 151, 153, 190, 192, 193, 202, 217, 219, 220, 231, 233, 234, 237, 243, 244, 246, 247, 249, 250, 252, 253, 254, 256, 265, 266, 269, 271, 282, 293, 294, 297, 304, 305, 306, 307, 308, 309, 310, 311, 315], "excluded_lines": []}, "": {"executed_lines": [1, 7, 8, 9, 10, 11, 13, 14, 15, 18, 19, 30, 50, 122, 182, 195, 222, 273, 284], "summary": {"covered_lines": 17, "num_statements": 17, "percent_covered": 100.0, "percent_covered_display": "100", "missing_lines": 0, "excluded_lines": 0}, "missing_lines": [], "excluded_lines": []}}}, "src\\reelsbot\\storage\\__init__.py": {"executed_lines": [1, 3, 5], "summary": {"covered_lines": 2, "num_statements": 2, "percent_covered": 100.0, "percent_covered_display": "100", "missing_lines": 0, "excluded_lines": 0}, "missing_lines": [], "excluded_lines": [], "functions": {"": {"executed_lines": [1, 3, 5], "summary": {"covered_lines": 2, "num_statements": 2, "percent_covered": 100.0, "percent_covered_display": "100", "missing_lines": 0, "excluded_lines": 0}, "missing_lines": [], "excluded_lines": []}}, "classes": {"": {"executed_lines": [1, 3, 5], "summary": {"covered_lines": 2, "num_statements": 2, "percent_covered": 100.0, "percent_covered_display": "100", "missing_lines": 0, "excluded_lines": 0}, "missing_lines": [], "excluded_lines": []}}}, "src\\reelsbot\\storage\\runs.py": {"executed_lines": [1, 7, 8, 9, 10, 11, 12, 14, 15, 18, 19, 21, 24, 25, 37, 53, 54, 57, 58, 59, 61, 63, 67, 70, 72, 77, 83, 85, 100, 105, 110, 115, 117, 165, 201, 240, 288, 329, 370, 415, 424, 428], "summary": {"covered_lines": 39, "num_statements": 129, "percent_covered": 30.232558139534884, "percent_covered_display": "30", "missing_lines": 90, "excluded_lines": 0}, "missing_lines": [74, 75, 126, 127, 130, 133, 135, 155, 157, 159, 160, 161, 177, 178, 180, 185, 187, 188, 191, 192, 194, 196, 197, 213, 214, 216, 225, 227, 228, 229, 230, 231, 233, 235, 236, 250, 251, 254, 259, 261, 262, 265, 266, 269, 278, 280, 282, 283, 284, 301, 302, 304, 314, 316, 317, 318, 319, 320, 322, 324, 325, 342, 343, 345, 355, 357, 358, 359, 360, 361, 363, 365, 366, 379, 380, 382, 385, 386, 389, 396, 399, 406, 410, 412, 413, 420, 421, 422, 426, 430], "excluded_lines": [], "functions": {"RunStorage.__init__": {"executed_lines": [53, 54, 57, 58, 59, 61, 63, 67, 70, 72], "summary": {"covered_lines": 10, "num_statements": 12, "percent_covered": 83.33333333333333, "percent_covered_display": "83", "missing_lines": 2, "excluded_lines": 0}, "missing_lines": [74, 75], "excluded_lines": []}, "RunStorage._create_schema": {"executed_lines": [83, 85, 100, 105, 110, 115], "summary": {"covered_lines": 6, "num_statements": 6, "percent_covered": 100.0, "percent_covered_display": "100", "missing_lines": 0, "excluded_lines": 0}, "missing_lines": [], "excluded_lines": []}, "RunStorage.save_run": {"executed_lines": [], "summary": {"covered_lines": 0, "num_statements": 10, "percent_covered": 0.0, "percent_covered_display": "0", "missing_lines": 10, "excluded_lines": 0}, "missing_lines": [126, 127, 130, 133, 135, 155, 157, 159, 160, 161], "excluded_lines": []}, "RunStorage.get_run": {"executed_lines": [], "summary": {"covered_lines": 0, "num_statements": 11, "percent_covered": 0.0, "percent_covered_display": "0", "missing_lines": 11, "excluded_lines": 0}, "missing_lines": [177, 178, 180, 185, 187, 188, 191, 192, 194, 196, 197], "excluded_lines": []}, "RunStorage.get_recent_runs": {"executed_lines": [], "summary": {"covered_lines": 0, "num_statements": 12, "percent_covered": 0.0, "percent_covered_display": "0", "missing_lines": 12, "excluded_lines": 0}, "missing_lines": [213, 214, 216, 225, 227, 228, 229, 230, 231, 233, 235, 236], "excluded_lines": []}, "RunStorage.update_status": {"executed_lines": [], "summary": {"covered_lines": 0, "num_statements": 14, "percent_covered": 0.0, "percent_covered_display": "0", "missing_lines": 14, "excluded_lines": 0}, "missing_lines": [250, 251, 254, 259, 261, 262, 265, 266, 269, 278, 280, 282, 283, 284], "excluded_lines": []}, "RunStorage.get_runs_by_type": {"executed_lines": [], "summary": {"covered_lines": 0, "num_statements": 12, "percent_covered": 0.0, "percent_covered_display": "0", "missing_lines": 12, "excluded_lines": 0}, "missing_lines": [301, 302, 304, 314, 316, 317, 318, 319, 320, 322, 324, 325], "excluded_lines": []}, "RunStorage.get_runs_by_status": {"executed_lines": [], "summary": {"covered_lines": 0, "num_statements": 12, "percent_covered": 0.0, "percent_covered_display": "0", "missing_lines": 12, "excluded_lines": 0}, "missing_lines": [342, 343, 345, 355, 357, 358, 359, 360, 361, 363, 365, 366], "excluded_lines": []}, "RunStorage.get_stats": {"executed_lines": [], "summary": {"covered_lines": 0, "num_statements": 12, "percent_covered": 0.0, "percent_covered_display": "0", "missing_lines": 12, "excluded_lines": 0}, "missing_lines": [379, 380, 382, 385, 386, 389, 396, 399, 406, 410, 412, 413], "excluded_lines": []}, "RunStorage.close": {"executed_lines": [], "summary": {"covered_lines": 0, "num_statements": 3, "percent_covered": 0.0, "percent_covered_display": "0", "missing_lines": 3, "excluded_lines": 0}, "missing_lines": [420, 421, 422], "excluded_lines": []}, "RunStorage.__enter__": {"executed_lines": [], "summary": {"covered_lines": 0, "num_statements": 1, "percent_covered": 0.0, "percent_covered_display": "0", "missing_lines": 1, "excluded_lines": 0}, "missing_lines": [426], "excluded_lines": []}, "RunStorage.__exit__": {"executed_lines": [], "summary": {"covered_lines": 0, "num_statements": 1, "percent_covered": 0.0, "percent_covered_display": "0", "missing_lines": 1, "excluded_lines": 0}, "missing_lines": [430], "excluded_lines": []}, "": {"executed_lines": [1, 7, 8, 9, 10, 11, 12, 14, 15, 18, 19, 21, 24, 25, 37, 77, 117, 165, 201, 240, 288, 329, 370, 415, 424, 428], "summary": {"covered_lines": 23, "num_statements": 23, "percent_covered": 100.0, "percent_covered_display": "100", "missing_lines": 0, "excluded_lines": 0}, "missing_lines": [], "excluded_lines": []}}, "classes": {"RunStorageError": {"executed_lines": [], "summary": {"covered_lines": 0, "num_statements": 0, "percent_covered": 100.0, "percent_covered_display": "100", "missing_lines": 0, "excluded_lines": 0}, "missing_lines": [], "excluded_lines": []}, "RunStorage": {"executed_lines": [53, 54, 57, 58, 59, 61, 63, 67, 70, 72, 83, 85, 100, 105, 110, 115], "summary": {"covered_lines": 16, "num_statements": 106, "percent_covered": 15.09433962264151, "percent_covered_display": "15", "missing_lines": 90, "excluded_lines": 0}, "missing_lines": [74, 75, 126, 127, 130, 133, 135, 155, 157, 159, 160, 161, 177, 178, 180, 185, 187, 188, 191, 192, 194, 196, 197, 213, 214, 216, 225, 227, 228, 229, 230, 231, 233, 235, 236, 250, 251, 254, 259, 261, 262, 265, 266, 269, 278, 280, 282, 283, 284, 301, 302, 304, 314, 316, 317, 318, 319, 320, 322, 324, 325, 342, 343, 345, 355, 357, 358, 359, 360, 361, 363, 365, 366, 379, 380, 382, 385, 386, 389, 396, 399, 406, 410, 412, 413, 420, 421, 422, 426, 430], "excluded_lines": []}, "": {"executed_lines": [1, 7, 8, 9, 10, 11, 12, 14, 15, 18, 19, 21, 24, 25, 37, 77, 117, 165, 201, 240, 288, 329, 370, 415, 424, 428], "summary": {"covered_lines": 23, "num_statements": 23, "percent_covered": 100.0, "percent_covered_display": "100", "missing_lines": 0, "excluded_lines": 0}, "missing_lines": [], "excluded_lines": []}}}, "src\\reelsbot\\utils\\__init__.py": {"executed_lines": [1, 3, 4, 11, 17, 18, 26], "summary": {"covered_lines": 6, "num_statements": 6, "percent_covered": 100.0, "percent_covered_display": "100", "missing_lines": 0, "excluded_lines": 0}, "missing_lines": [], "excluded_lines": [], "functions": {"": {"executed_lines": [1, 3, 4, 11, 17, 18, 26], "summary": {"covered_lines": 6, "num_statements": 6, "percent_covered": 100.0, "percent_covered_display": "100", "missing_lines": 0, "excluded_lines": 0}, "missing_lines": [], "excluded_lines": []}}, "classes": {"": {"executed_lines": [1, 3, 4, 11, 17, 18, 26], "summary": {"covered_lines": 6, "num_statements": 6, "percent_covered": 100.0, "percent_covered_display": "100", "missing_lines": 0, "excluded_lines": 0}, "missing_lines": [], "excluded_lines": []}}}, "src\\reelsbot\\utils\\brand_name.py": {"executed_lines": [1, 7, 8, 11, 12, 29, 45, 64, 84, 92, 130, 169, 198], "summary": {"covered_lines": 11, "num_statements": 42, "percent_covered": 26.19047619047619, "percent_covered_display": "26", "missing_lines": 31, "excluded_lines": 0}, "missing_lines": [90, 106, 107, 109, 112, 113, 114, 117, 120, 123, 124, 128, 154, 155, 158, 159, 162, 163, 164, 165, 167, 186, 187, 189, 190, 191, 192, 193, 195, 212, 213], "excluded_lines": [], "functions": {"BrandNameGenerator.__init__": {"executed_lines": [], "summary": {"covered_lines": 0, "num_statements": 1, "percent_covered": 0.0, "percent_covered_display": "0", "missing_lines": 1, "excluded_lines": 0}, "missing_lines": [90], "excluded_lines": []}, "BrandNameGenerator.generate": {"executed_lines": [], "summary": {"covered_lines": 0, "num_statements": 11, "percent_covered": 0.0, "percent_covered_display": "0", "missing_lines": 11, "excluded_lines": 0}, "missing_lines": [106, 107, 109, 112, 113, 114, 117, 120, 123, 124, 128], "excluded_lines": []}, "BrandNameGenerator.is_safe": {"executed_lines": [], "summary": {"covered_lines": 0, "num_statements": 9, "percent_covered": 0.0, "percent_covered_display": "0", "missing_lines": 9, "excluded_lines": 0}, "missing_lines": [154, 155, 158, 159, 162, 163, 164, 165, 167], "excluded_lines": []}, "BrandNameGenerator.generate_batch": {"executed_lines": [], "summary": {"covered_lines": 0, "num_statements": 8, "percent_covered": 0.0, "percent_covered_display": "0", "missing_lines": 8, "excluded_lines": 0}, "missing_lines": [186, 187, 189, 190, 191, 192, 193, 195], "excluded_lines": []}, "generate_brand_name": {"executed_lines": [], "summary": {"covered_lines": 0, "num_statements": 2, "percent_covered": 0.0, "percent_covered_display": "0", "missing_lines": 2, "excluded_lines": 0}, "missing_lines": [212, 213], "excluded_lines": []}, "": {"executed_lines": [1, 7, 8, 11, 12, 29, 45, 64, 84, 92, 130, 169, 198], "summary": {"covered_lines": 11, "num_statements": 11, "percent_covered": 100.0, "percent_covered_display": "100", "missing_lines": 0, "excluded_lines": 0}, "missing_lines": [], "excluded_lines": []}}, "classes": {"BrandNameGenerator": {"executed_lines": [], "summary": {"covered_lines": 0, "num_statements": 29, "percent_covered": 0.0, "percent_covered_display": "0", "missing_lines": 29, "excluded_lines": 0}, "missing_lines": [90, 106, 107, 109, 112, 113, 114, 117, 120, 123, 124, 128, 154, 155, 158, 159, 162, 163, 164, 165, 167, 186, 187, 189, 190, 191, 192, 193, 195], "excluded_lines": []}, "": {"executed_lines": [1, 7, 8, 11, 12, 29, 45, 64, 84, 92, 130, 169, 198], "summary": {"covered_lines": 11, "num_statements": 13, "percent_covered": 84.61538461538461, "percent_covered_display": "85", "missing_lines": 2, "excluded_lines": 0}, "missing_lines": [212, 213], "excluded_lines": []}}}, "src\\reelsbot\\utils\\ffmpeg.py": {"executed_lines": [1, 7, 8, 9, 11, 14, 39, 110, 131, 192], "summary": {"covered_lines": 9, "num_statements": 63, "percent_covered": 14.285714285714286, "percent_covered_display": "14", "missing_lines": 54, "excluded_lines": 0}, "missing_lines": [26, 27, 34, 35, 36, 64, 65, 71, 72, 73, 74, 76, 78, 87, 88, 89, 90, 91, 96, 97, 98, 100, 102, 103, 104, 105, 106, 107, 128, 149, 150, 152, 154, 162, 164, 165, 173, 174, 175, 178, 179, 180, 181, 182, 184, 186, 187, 188, 189, 223, 224, 226, 238, 239], "excluded_lines": [], "functions": {"check_ffmpeg_available": {"executed_lines": [], "summary": {"covered_lines": 0, "num_statements": 5, "percent_covered": 0.0, "percent_covered_display": "0", "missing_lines": 5, "excluded_lines": 0}, "missing_lines": [26, 27, 34, 35, 36], "excluded_lines": []}, "run_ffmpeg_command": {"executed_lines": [], "summary": {"covered_lines": 0, "num_statements": 23, "percent_covered": 0.0, "percent_covered_display": "0", "missing_lines": 23, "excluded_lines": 0}, "missing_lines": [64, 65, 71, 72, 73, 74, 76, 78, 87, 88, 89, 90, 91, 96, 97, 98, 100, 102, 103, 104, 105, 106, 107], "excluded_lines": []}, "build_filter_complex": {"executed_lines": [], "summary": {"covered_lines": 0, "num_statements": 1, "percent_covered": 0.0, "percent_covered_display": "0", "missing_lines": 1, "excluded_lines": 0}, "missing_lines": [128], "excluded_lines": []}, "get_video_info": {"executed_lines": [], "summary": {"covered_lines": 0, "num_statements": 20, "percent_covered": 0.0, "percent_covered_display": "0", "missing_lines": 20, "excluded_lines": 0}, "missing_lines": [149, 150, 152, 154, 162, 164, 165, 173, 174, 175, 178, 179, 180, 181, 182, 184, 186, 187, 188, 189], "excluded_lines": []}, "convert_to_h264": {"executed_lines": [], "summary": {"covered_lines": 0, "num_statements": 5, "percent_covered": 0.0, "percent_covered_display": "0", "missing_lines": 5, "excluded_lines": 0}, "missing_lines": [223, 224, 226, 238, 239], "excluded_lines": []}, "": {"executed_lines": [1, 7, 8, 9, 11, 14, 39, 110, 131, 192], "summary": {"covered_lines": 9, "num_statements": 9, "percent_covered": 100.0, "percent_covered_display": "100", "missing_lines": 0, "excluded_lines": 0}, "missing_lines": [], "excluded_lines": []}}, "classes": {"": {"executed_lines": [1, 7, 8, 9, 11, 14, 39, 110, 131, 192], "summary": {"covered_lines": 9, "num_statements": 63, "percent_covered": 14.285714285714286, "percent_covered_display": "14", "missing_lines": 54, "excluded_lines": 0}, "missing_lines": [26, 27, 34, 35, 36, 64, 65, 71, 72, 73, 74, 76, 78, 87, 88, 89, 90, 91, 96, 97, 98, 100, 102, 103, 104, 105, 106, 107, 128, 149, 150, 152, 154, 162, 164, 165, 173, 174, 175, 178, 179, 180, 181, 182, 184, 186, 187, 188, 189, 223, 224, 226, 238, 239], "excluded_lines": []}}}, "src\\reelsbot\\utils\\image.py": {"executed_lines": [1, 7, 9, 11, 14, 24, 27, 28, 31, 111, 169, 195, 292], "summary": {"covered_lines": 12, "num_statements": 70, "percent_covered": 17.142857142857142, "percent_covered_display": "17", "missing_lines": 58, "excluded_lines": 0}, "missing_lines": [63, 64, 66, 67, 72, 73, 74, 77, 80, 81, 92, 93, 104, 105, 106, 108, 146, 149, 152, 153, 154, 157, 158, 159, 160, 161, 164, 166, 180, 185, 186, 187, 188, 189, 192, 208, 211, 213, 218, 224, 226, 231, 237, 239, 245, 247, 253, 258, 260, 266, 268, 277, 285, 312, 313, 316, 317, 319], "excluded_lines": [], "functions": {"create_concept_background": {"executed_lines": [], "summary": {"covered_lines": 0, "num_statements": 16, "percent_covered": 0.0, "percent_covered_display": "0", "missing_lines": 16, "excluded_lines": 0}, "missing_lines": [63, 64, 66, 67, 72, 73, 74, 77, 80, 81, 92, 93, 104, 105, 106, 108], "excluded_lines": []}, "add_text_to_image": {"executed_lines": [], "summary": {"covered_lines": 0, "num_statements": 12, "percent_covered": 0.0, "percent_covered_display": "0", "missing_lines": 12, "excluded_lines": 0}, "missing_lines": [146, 149, 152, 153, 154, 157, 158, 159, 160, 161, 164, 166], "excluded_lines": []}, "_load_font": {"executed_lines": [], "summary": {"covered_lines": 0, "num_statements": 7, "percent_covered": 0.0, "percent_covered_display": "0", "missing_lines": 7, "excluded_lines": 0}, "missing_lines": [180, 185, 186, 187, 188, 189, 192], "excluded_lines": []}, "_add_category_shape": {"executed_lines": [], "summary": {"covered_lines": 0, "num_statements": 18, "percent_covered": 0.0, "percent_covered_display": "0", "missing_lines": 18, "excluded_lines": 0}, "missing_lines": [208, 211, 213, 218, 224, 226, 231, 237, 239, 245, 247, 253, 258, 260, 266, 268, 277, 285], "excluded_lines": []}, "create_thumbnail_from_image": {"executed_lines": [], "summary": {"covered_lines": 0, "num_statements": 5, "percent_covered": 0.0, "percent_covered_display": "0", "missing_lines": 5, "excluded_lines": 0}, "missing_lines": [312, 313, 316, 317, 319], "excluded_lines": []}, "": {"executed_lines": [1, 7, 9, 11, 14, 24, 27, 28, 31, 111, 169, 195, 292], "summary": {"covered_lines": 12, "num_statements": 12, "percent_covered": 100.0, "percent_covered_display": "100", "missing_lines": 0, "excluded_lines": 0}, "missing_lines": [], "excluded_lines": []}}, "classes": {"": {"executed_lines": [1, 7, 9, 11, 14, 24, 27, 28, 31, 111, 169, 195, 292], "summary": {"covered_lines": 12, "num_statements": 70, "percent_covered": 17.142857142857142, "percent_covered_display": "17", "missing_lines": 58, "excluded_lines": 0}, "missing_lines": [63, 64, 66, 67, 72, 73, 74, 77, 80, 81, 92, 93, 104, 105, 106, 108, 146, 149, 152, 153, 154, 157, 158, 159, 160, 161, 164, 166, 180, 185, 186, 187, 188, 189, 192, 208, 211, 213, 218, 224, 226, 231, 237, 239, 245, 247, 253, 258, 260, 266, 268, 277, 285, 312, 313, 316, 317, 319], "excluded_lines": []}}}, "src\\reelsbot\\utils\\logger.py": {"executed_lines": [1, 7, 8, 9, 10, 11, 14, 15, 20, 22, 32, 33, 36, 62, 65, 66, 69, 72, 73, 76, 81, 86, 87, 88, 90, 95, 96, 99, 100, 101, 104, 105, 108, 109, 111, 114, 131], "summary": {"covered_lines": 35, "num_statements": 43, "percent_covered": 81.3953488372093, "percent_covered_display": "81", "missing_lines": 8, "excluded_lines": 0}, "missing_lines": [123, 124, 125, 128, 140, 141, 142, 143], "excluded_lines": [], "functions": {"RunIDFormatter.format": {"executed_lines": [32, 33], "summary": {"covered_lines": 2, "num_statements": 2, "percent_covered": 100.0, "percent_covered_display": "100", "missing_lines": 0, "excluded_lines": 0}, "missing_lines": [], "excluded_lines": []}, "setup_logger": {"executed_lines": [62, 65, 66, 69, 72, 73, 76, 81, 86, 87, 88, 90, 95, 96, 99, 100, 101, 104, 105, 108, 109, 111], "summary": {"covered_lines": 22, "num_statements": 22, "percent_covered": 100.0, "percent_covered_display": "100", "missing_lines": 0, "excluded_lines": 0}, "missing_lines": [], "excluded_lines": []}, "get_logger": {"executed_lines": [], "summary": {"covered_lines": 0, "num_statements": 4, "percent_covered": 0.0, "percent_covered_display": "0", "missing_lines": 4, "excluded_lines": 0}, "missing_lines": [123, 124, 125, 128], "excluded_lines": []}, "update_run_id": {"executed_lines": [], "summary": {"covered_lines": 0, "num_statements": 4, "percent_covered": 0.0, "percent_covered_display": "0", "missing_lines": 4, "excluded_lines": 0}, "missing_lines": [140, 141, 142, 143], "excluded_lines": []}, "": {"executed_lines": [1, 7, 8, 9, 10, 11, 14, 15, 20, 22, 36, 114, 131], "summary": {"covered_lines": 11, "num_statements": 11, "percent_covered": 100.0, "percent_covered_display": "100", "missing_lines": 0, "excluded_lines": 0}, "missing_lines": [], "excluded_lines": []}}, "classes": {"RunIDFormatter": {"executed_lines": [32, 33], "summary": {"covered_lines": 2, "num_statements": 2, "percent_covered": 100.0, "percent_covered_display": "100", "missing_lines": 0, "excluded_lines": 0}, "missing_lines": [], "excluded_lines": []}, "": {"executed_lines": [1, 7, 8, 9, 10, 11, 14, 15, 20, 22, 36, 62, 65, 66, 69, 72, 73, 76, 81, 86, 87, 88, 90, 95, 96, 99, 100, 101, 104, 105, 108, 109, 111, 114, 131], "summary": {"covered_lines": 33, "num_statements": 41, "percent_covered": 80.48780487804878, "percent_covered_display": "80", "missing_lines": 8, "excluded_lines": 0}, "missing_lines": [123, 124, 125, 128, 140, 141, 142, 143], "excluded_lines": []}}}, "src\\reelsbot\\utils\\paths.py": {"executed_lines": [1, 7, 10, 36, 54, 57, 59, 62, 79, 118], "summary": {"covered_lines": 9, "num_statements": 23, "percent_covered": 39.130434782608695, "percent_covered_display": "39", "missing_lines": 14, "excluded_lines": 0}, "missing_lines": [29, 33, 75, 76, 101, 104, 105, 106, 109, 112, 113, 115, 134, 135], "excluded_lines": [], "functions": {"to_ffmpeg_path": {"executed_lines": [], "summary": {"covered_lines": 0, "num_statements": 2, "percent_covered": 0.0, "percent_covered_display": "0", "missing_lines": 2, "excluded_lines": 0}, "missing_lines": [29, 33], "excluded_lines": []}, "ensure_output_dir": {"executed_lines": [54, 57, 59], "summary": {"covered_lines": 3, "num_statements": 3, "percent_covered": 100.0, "percent_covered_display": "100", "missing_lines": 0, "excluded_lines": 0}, "missing_lines": [], "excluded_lines": []}, "ensure_dir": {"executed_lines": [], "summary": {"covered_lines": 0, "num_statements": 2, "percent_covered": 0.0, "percent_covered_display": "0", "missing_lines": 2, "excluded_lines": 0}, "missing_lines": [75, 76], "excluded_lines": []}, "safe_filename": {"executed_lines": [], "summary": {"covered_lines": 0, "num_statements": 8, "percent_covered": 0.0, "percent_covered_display": "0", "missing_lines": 8, "excluded_lines": 0}, "missing_lines": [101, 104, 105, 106, 109, 112, 113, 115], "excluded_lines": []}, "get_temp_path": {"executed_lines": [], "summary": {"covered_lines": 0, "num_statements": 2, "percent_covered": 0.0, "percent_covered_display": "0", "missing_lines": 2, "excluded_lines": 0}, "missing_lines": [134, 135], "excluded_lines": []}, "": {"executed_lines": [1, 7, 10, 36, 62, 79, 118], "summary": {"covered_lines": 6, "num_statements": 6, "percent_covered": 100.0, "percent_covered_display": "100", "missing_lines": 0, "excluded_lines": 0}, "missing_lines": [], "excluded_lines": []}}, "classes": {"": {"executed_lines": [1, 7, 10, 36, 54, 57, 59, 62, 79, 118], "summary": {"covered_lines": 9, "num_statements": 23, "percent_covered": 39.130434782608695, "percent_covered_display": "39", "missing_lines": 14, "excluded_lines": 0}, "missing_lines": [29, 33, 75, 76, 101, 104, 105, 106, 109, 112, 113, 115, 134, 135], "excluded_lines": []}}}}, "totals": {"covered_lines": 811, "num_statements": 1563, "percent_covered": 51.887396033269354, "percent_covered_display": "52", "missing_lines": 752, "excluded_lines": 1}}